[2020-05-10][20:33:21][woprok_discord_bot::src_other::environment_methods][INFO] Logging system finished setting up
[2020-05-10][20:33:22][serenity::client::bridge::gateway::shard_manager][INFO] Telling shard queuer to start shard 0
[2020-05-10][20:33:22][woprok_discord_bot::src_bot::bot::bot_core::bot_main][INFO] Connected as woprok_discord_bot
[2020-05-10][20:33:43][woprok_discord_bot::src_bot::bot::bot_core::bot_main][INFO] Executing special commands.
[2020-05-10][20:33:46][woprok_discord_bot::src_bot::bot::bot_core::bot_main][INFO] Executing special commands.
[2020-05-10][20:33:47][woprok_discord_bot::src_bot::bot::bot_core::bot_main][INFO] Executing special commands.
[2020-05-10][20:33:51][woprok_discord_bot::src_bot::bot::bot_core::bot_main][INFO] Executing special commands.
[2020-05-10][20:33:51][woprok_discord_bot::src_bot::bot::bot_core::bot_main][INFO] Got command 'help' by user 'Woprock'
[2020-05-10][20:33:51][woprok_discord_bot::src_bot::bot::bot_core::bot_main][INFO] Executing special commands.
[2020-05-10][20:33:51][woprok_discord_bot::src_bot::bot::bot_core::bot_main][INFO] Processed command 'help'
[2020-05-10][20:33:58][woprok_discord_bot::src_bot::bot::bot_core::bot_main][INFO] Executing special commands.
[2020-05-10][20:33:58][woprok_discord_bot::src_bot::bot::bot_core::bot_main][INFO] Got command 'say' by user 'Woprock'
[2020-05-10][20:33:58][woprok_discord_bot::src_bot::bot::bot_core::bot_main][INFO] Executing special commands.
[2020-05-10][20:33:58][woprok_discord_bot::src_bot::bot::bot_core::bot_main][INFO] Processed command 'say'
[2020-05-10][20:33:58][woprok_discord_bot::src_bot::bot::bot_core::bot_main][INFO] Executing special commands.
[2020-05-10][20:34:52][woprok_discord_bot::src_bot::bot::bot_core::bot_main][INFO] Executing special commands.
[2020-05-10][20:34:52][woprok_discord_bot::src_bot::bot::bot_core::bot_main][INFO] Got command 'say' by user 'Woprock'
[2020-05-10][20:34:53][woprok_discord_bot::src_bot::bot::bot_core::bot_main][INFO] Executing special commands.
[2020-05-10][20:34:53][woprok_discord_bot::src_bot::bot::bot_core::bot_main][INFO] Executing special commands.
[2020-05-10][20:34:53][woprok_discord_bot::src_bot::bot::bot_core::bot_main][INFO] Processed command 'say'
[2020-05-10][20:42:35][woprok_discord_bot::src_other::environment_methods][INFO] Logging system finished setting up
[2020-05-10][20:42:36][serenity::client::bridge::gateway::shard_manager][INFO] Telling shard queuer to start shard 0
[2020-05-10][20:42:36][woprok_discord_bot::src_bot::bot::bot_core::bot_main][INFO] Connected as woprok_discord_bot
[2020-05-10][20:59:06][woprok_discord_bot::src_other::environment_methods][INFO] Logging system finished setting up
[2020-05-10][20:59:06][woprok_discord_bot][INFO] Execution: Setting up configurable environment finished.
[2020-05-10][20:59:07][serenity::client::bridge::gateway::shard_manager][INFO] Telling shard queuer to start shard 0
[2020-05-10][20:59:09][woprok_discord_bot::src_bot::bot::bot_core::bot_main][INFO] Connected as woprok_discord_bot
[2020-05-10][21:10:52][woprok_discord_bot::src_other::environment_methods][INFO] Logging system finished setting up
[2020-05-10][21:10:52][woprok_discord_bot][INFO] Execution: Setting up configurable environment finished.
[2020-05-10][21:10:53][serenity::client::bridge::gateway::shard_manager][INFO] Telling shard queuer to start shard 0
[2020-05-10][21:10:53][woprok_discord_bot::src_bot::bot::bot_core::bot_main][INFO] Connected as woprok_discord_bot
[2020-05-10][21:14:37][woprok_discord_bot::src_other::environment_methods][INFO] Logging system finished setting up
[2020-05-10][21:14:37][woprok_discord_bot][INFO] Execution: Setting up configurable environment finished.
[2020-05-10][21:14:37][serenity::client::bridge::gateway::shard_manager][INFO] Telling shard queuer to start shard 0
[2020-05-10][21:14:38][woprok_discord_bot::src_bot::bot::bot_core::bot_main][INFO] Connected as woprok_discord_bot
[2020-05-10][21:16:09][woprok_discord_bot::src_other::environment_methods][INFO] Logging system finished setting up
[2020-05-10][21:16:09][woprok_discord_bot][INFO] Execution: Setting up configurable environment finished.
[2020-05-10][21:16:10][serenity::client::bridge::gateway::shard_manager][INFO] Telling shard queuer to start shard 0
[2020-05-10][21:16:10][woprok_discord_bot::src_bot::bot::bot_core::bot_main][INFO] Connected as woprok_discord_bot
[2020-05-10][21:16:27][woprok_discord_bot::src_other::environment_methods][INFO] Logging system finished setting up
[2020-05-10][21:16:27][woprok_discord_bot][INFO] Execution: Setting up configurable environment finished.
[2020-05-10][21:16:27][woprok_discord_bot][INFO] Execution: Creating bot.
[2020-05-10][21:16:29][serenity::client::bridge::gateway::shard_manager][INFO] Telling shard queuer to start shard 0
[2020-05-10][21:16:30][woprok_discord_bot::src_bot::bot::bot_core::bot_main][INFO] Connected as woprok_discord_bot
[2020-05-10][22:01:59][woprok_discord_bot::src_other::environment_methods][INFO] Logging system finished setting up
[2020-05-10][22:01:59][woprok_discord_bot][INFO] Execution: Setting up configurable environment finished.
[2020-05-10][22:01:59][woprok_discord_bot][INFO] Execution: Creating bot.
[2020-05-10][22:01:59][serenity::client::bridge::gateway::shard_manager][INFO] Telling shard queuer to start shard 0
[2020-05-10][22:02:01][woprok_discord_bot::src_bot::bot::bot_core::bot_main][INFO] Connected as woprok_discord_bot
[2020-05-10][22:03:04][woprok_discord_bot::src_other::environment_methods][INFO] Logging system finished setting up
[2020-05-10][22:03:04][woprok_discord_bot][INFO] Execution: Setting up configurable environment finished.
[2020-05-10][22:03:04][woprok_discord_bot][INFO] Execution: Creating bot.
[2020-05-10][22:03:05][serenity::client::bridge::gateway::shard_manager][INFO] Telling shard queuer to start shard 0
[2020-05-10][22:03:07][woprok_discord_bot::src_bot::bot::bot_core::bot_main][INFO] Connected as woprok_discord_bot
